Warning[203] X:\TERM 7\LBYEC3L\1_LAB ACTIVITIES\EXPERIMENT 1\MPLAB\EXERCISE 2\EXERCISE2.ASM 11 : Found opcode in column 1. (BSF)
Warning[203] X:\TERM 7\LBYEC3L\1_LAB ACTIVITIES\EXPERIMENT 1\MPLAB\EXERCISE 2\EXERCISE2.ASM 12 : Found opcode in column 1. (BCF)
Message[302] X:\TERM 7\LBYEC3L\1_LAB ACTIVITIES\EXPERIMENT 1\MPLAB\EXERCISE 2\EXERCISE2.ASM 12 : Register in operand not in bank 0.  Ensure that bank bits are correct.
Warning[203] X:\TERM 7\LBYEC3L\1_LAB ACTIVITIES\EXPERIMENT 1\MPLAB\EXERCISE 2\EXERCISE2.ASM 13 : Found opcode in column 1. (BCF)
Warning[203] X:\TERM 7\LBYEC3L\1_LAB ACTIVITIES\EXPERIMENT 1\MPLAB\EXERCISE 2\EXERCISE2.ASM 14 : Found opcode in column 1. (BSF)
Warning[203] X:\TERM 7\LBYEC3L\1_LAB ACTIVITIES\EXPERIMENT 1\MPLAB\EXERCISE 2\EXERCISE2.ASM 17 : Found opcode in column 1. (BSF)
Warning[203] X:\TERM 7\LBYEC3L\1_LAB ACTIVITIES\EXPERIMENT 1\MPLAB\EXERCISE 2\EXERCISE2.ASM 18 : Found opcode in column 1. (BCF)
Message[302] X:\TERM 7\LBYEC3L\1_LAB ACTIVITIES\EXPERIMENT 1\MPLAB\EXERCISE 2\EXERCISE2.ASM 18 : Register in operand not in bank 0.  Ensure that bank bits are correct.
Warning[203] X:\TERM 7\LBYEC3L\1_LAB ACTIVITIES\EXPERIMENT 1\MPLAB\EXERCISE 2\EXERCISE2.ASM 19 : Found opcode in column 1. (BCF)
Warning[203] X:\TERM 7\LBYEC3L\1_LAB ACTIVITIES\EXPERIMENT 1\MPLAB\EXERCISE 2\EXERCISE2.ASM 20 : Found opcode in column 1. (BSF)
Warning[203] X:\TERM 7\LBYEC3L\1_LAB ACTIVITIES\EXPERIMENT 1\MPLAB\EXERCISE 2\EXERCISE2.ASM 23 : Found opcode in column 1. (BSF)
Warning[203] X:\TERM 7\LBYEC3L\1_LAB ACTIVITIES\EXPERIMENT 1\MPLAB\EXERCISE 2\EXERCISE2.ASM 24 : Found opcode in column 1. (BCF)
Message[302] X:\TERM 7\LBYEC3L\1_LAB ACTIVITIES\EXPERIMENT 1\MPLAB\EXERCISE 2\EXERCISE2.ASM 24 : Register in operand not in bank 0.  Ensure that bank bits are correct.
Warning[203] X:\TERM 7\LBYEC3L\1_LAB ACTIVITIES\EXPERIMENT 1\MPLAB\EXERCISE 2\EXERCISE2.ASM 25 : Found opcode in column 1. (BCF)
Warning[203] X:\TERM 7\LBYEC3L\1_LAB ACTIVITIES\EXPERIMENT 1\MPLAB\EXERCISE 2\EXERCISE2.ASM 26 : Found opcode in column 1. (BSF)
Warning[203] X:\TERM 7\LBYEC3L\1_LAB ACTIVITIES\EXPERIMENT 1\MPLAB\EXERCISE 2\EXERCISE2.ASM 29 : Found opcode in column 1. (BSF)
Warning[203] X:\TERM 7\LBYEC3L\1_LAB ACTIVITIES\EXPERIMENT 1\MPLAB\EXERCISE 2\EXERCISE2.ASM 30 : Found opcode in column 1. (BCF)
Message[302] X:\TERM 7\LBYEC3L\1_LAB ACTIVITIES\EXPERIMENT 1\MPLAB\EXERCISE 2\EXERCISE2.ASM 30 : Register in operand not in bank 0.  Ensure that bank bits are correct.
Warning[203] X:\TERM 7\LBYEC3L\1_LAB ACTIVITIES\EXPERIMENT 1\MPLAB\EXERCISE 2\EXERCISE2.ASM 31 : Found opcode in column 1. (BCF)
Warning[203] X:\TERM 7\LBYEC3L\1_LAB ACTIVITIES\EXPERIMENT 1\MPLAB\EXERCISE 2\EXERCISE2.ASM 32 : Found opcode in column 1. (BSF)
Warning[203] X:\TERM 7\LBYEC3L\1_LAB ACTIVITIES\EXPERIMENT 1\MPLAB\EXERCISE 2\EXERCISE2.ASM 35 : Found opcode in column 1. (BSF)
Warning[203] X:\TERM 7\LBYEC3L\1_LAB ACTIVITIES\EXPERIMENT 1\MPLAB\EXERCISE 2\EXERCISE2.ASM 36 : Found opcode in column 1. (BCF)
Message[302] X:\TERM 7\LBYEC3L\1_LAB ACTIVITIES\EXPERIMENT 1\MPLAB\EXERCISE 2\EXERCISE2.ASM 36 : Register in operand not in bank 0.  Ensure that bank bits are correct.
Warning[203] X:\TERM 7\LBYEC3L\1_LAB ACTIVITIES\EXPERIMENT 1\MPLAB\EXERCISE 2\EXERCISE2.ASM 37 : Found opcode in column 1. (BCF)
Warning[203] X:\TERM 7\LBYEC3L\1_LAB ACTIVITIES\EXPERIMENT 1\MPLAB\EXERCISE 2\EXERCISE2.ASM 38 : Found opcode in column 1. (BSF)
Warning[203] X:\TERM 7\LBYEC3L\1_LAB ACTIVITIES\EXPERIMENT 1\MPLAB\EXERCISE 2\EXERCISE2.ASM 40 : Found opcode in column 1. (GOTO)
Warning[205] X:\TERM 7\LBYEC3L\1_LAB ACTIVITIES\EXPERIMENT 1\MPLAB\EXERCISE 2\EXERCISE2.ASM 41 : Found directive in column 1. (END)
